Flow report for PACMAN_GAME
Wed Jun 02 15:42:44 2021
Quartus II 64-Bit Version 13.0.1 Build 232 06/12/2013 Service Pack 1.22 SJ Full Version


---------------------
; Table of Contents ;
---------------------
  1. Legal Notice
  2. Flow Summary
  3. Flow Settings
  4. Flow Non-Default Global Settings
  5. Flow Elapsed Time
  6. Flow OS Summary
  7. Flow Log
  8. Flow Messages
  9. Flow Suppressed Messages



----------------
; Legal Notice ;
----------------
Copyright (C) 1991-2013 Altera Corporation
Your use of Altera Corporation's design tools, logic functions 
and other software and tools, and its AMPP partner logic 
functions, and any output files from any of the foregoing 
(including device programming or simulation files), and any 
associated documentation or information are expressly subject 
to the terms and conditions of the Altera Program License 
Subscription Agreement, Altera MegaCore Function License 
Agreement, or other applicable license agreement, including, 
without limitation, that your use is for the sole purpose of 
programming logic devices manufactured by Altera and sold by 
Altera or its authorized distributors.  Please refer to the 
applicable agreement for further details.



+------------------------------------------------------------------------------------------+
; Flow Summary                                                                             ;
+------------------------------------+-----------------------------------------------------+
; Flow Status                        ; Successful - Wed Jun 02 15:42:38 2021               ;
; Quartus II 64-Bit Version          ; 13.0.1 Build 232 06/12/2013 SP 1.22 SJ Full Version ;
; Revision Name                      ; PACMAN_GAME                                         ;
; Top-level Entity Name              ; PACMAN                                              ;
; Family                             ; Cyclone III                                         ;
; Device                             ; EP3C16F484C6                                        ;
; Timing Models                      ; Final                                               ;
; Total logic elements               ; 4,522 / 15,408 ( 29 % )                             ;
;     Total combinational functions  ; 4,476 / 15,408 ( 29 % )                             ;
;     Dedicated logic registers      ; 555 / 15,408 ( 4 % )                                ;
; Total registers                    ; 555                                                 ;
; Total pins                         ; 53 / 347 ( 15 % )                                   ;
; Total virtual pins                 ; 0                                                   ;
; Total memory bits                  ; 328,432 / 516,096 ( 64 % )                          ;
; Embedded Multiplier 9-bit elements ; 0 / 112 ( 0 % )                                     ;
; Total PLLs                         ; 1 / 4 ( 25 % )                                      ;
+------------------------------------+-----------------------------------------------------+


+-----------------------------------------+
; Flow Settings                           ;
+-------------------+---------------------+
; Option            ; Setting             ;
+-------------------+---------------------+
; Start date & time ; 06/02/2021 15:40:38 ;
; Main task         ; Compilation         ;
; Revision Name     ; PACMAN_GAME         ;
+-------------------+---------------------+


+------------------------------------------------------------------------------------------------------------------------+
; Flow Non-Default Global Settings                                                                                       ;
+-------------------------------------+---------------------------------------+---------------+-------------+------------+
; Assignment Name                     ; Value                                 ; Default Value ; Entity Name ; Section Id ;
+-------------------------------------+---------------------------------------+---------------+-------------+------------+
; COMPILER_SIGNATURE_ID               ; 145862425870916.162266643718100       ; --            ; --          ; --         ;
; ENABLE_SIGNALTAP                    ; On                                    ; --            ; --          ; --         ;
; IP_TOOL_NAME                        ; LPM_DIVIDE                            ; --            ; --          ; --         ;
; IP_TOOL_NAME                        ; ROM: 1-PORT                           ; --            ; --          ; --         ;
; IP_TOOL_NAME                        ; ROM: 1-PORT                           ; --            ; --          ; --         ;
; IP_TOOL_NAME                        ; ROM: 1-PORT                           ; --            ; --          ; --         ;
; IP_TOOL_NAME                        ; ROM: 1-PORT                           ; --            ; --          ; --         ;
; IP_TOOL_NAME                        ; ROM: 1-PORT                           ; --            ; --          ; --         ;
; IP_TOOL_NAME                        ; ROM: 1-PORT                           ; --            ; --          ; --         ;
; IP_TOOL_NAME                        ; ROM: 1-PORT                           ; --            ; --          ; --         ;
; IP_TOOL_NAME                        ; ROM: 1-PORT                           ; --            ; --          ; --         ;
; IP_TOOL_NAME                        ; ROM: 1-PORT                           ; --            ; --          ; --         ;
; IP_TOOL_NAME                        ; ROM: 1-PORT                           ; --            ; --          ; --         ;
; IP_TOOL_VERSION                     ; 13.0                                  ; --            ; --          ; --         ;
; IP_TOOL_VERSION                     ; 13.1                                  ; --            ; --          ; --         ;
; IP_TOOL_VERSION                     ; 13.1                                  ; --            ; --          ; --         ;
; IP_TOOL_VERSION                     ; 13.1                                  ; --            ; --          ; --         ;
; IP_TOOL_VERSION                     ; 13.1                                  ; --            ; --          ; --         ;
; IP_TOOL_VERSION                     ; 13.1                                  ; --            ; --          ; --         ;
; IP_TOOL_VERSION                     ; 13.1                                  ; --            ; --          ; --         ;
; IP_TOOL_VERSION                     ; 13.1                                  ; --            ; --          ; --         ;
; IP_TOOL_VERSION                     ; 13.1                                  ; --            ; --          ; --         ;
; IP_TOOL_VERSION                     ; 13.1                                  ; --            ; --          ; --         ;
; IP_TOOL_VERSION                     ; 13.1                                  ; --            ; --          ; --         ;
; MAX_CORE_JUNCTION_TEMP              ; 85                                    ; --            ; --          ; --         ;
; MIN_CORE_JUNCTION_TEMP              ; 0                                     ; --            ; --          ; --         ;
; MISC_FILE                           ; Division.cmp                          ; --            ; --          ; --         ;
; MISC_FILE                           ; Pacman_Red.cmp                        ; --            ; --          ; --         ;
; MISC_FILE                           ; GhostRed.cmp                          ; --            ; --          ; --         ;
; MISC_FILE                           ; GhostGreen.cmp                        ; --            ; --          ; --         ;
; MISC_FILE                           ; GhostBlue.cmp                         ; --            ; --          ; --         ;
; MISC_FILE                           ; Cookies_R.cmp                         ; --            ; --          ; --         ;
; MISC_FILE                           ; Cookies_GB.cmp                        ; --            ; --          ; --         ;
; MISC_FILE                           ; Game_Over_Mem.cmp                     ; --            ; --          ; --         ;
; MISC_FILE                           ; Welcome_R.cmp                         ; --            ; --          ; --         ;
; MISC_FILE                           ; Welcome_G.cmp                         ; --            ; --          ; --         ;
; MISC_FILE                           ; Welcome_B.cmp                         ; --            ; --          ; --         ;
; OUTPUT_IO_TIMING_FAR_END_VMEAS      ; Half Signal Swing                     ; --            ; --          ; --         ;
; OUTPUT_IO_TIMING_FAR_END_VMEAS      ; Half Signal Swing                     ; --            ; --          ; --         ;
; OUTPUT_IO_TIMING_NEAR_END_VMEAS     ; Half Vccio                            ; --            ; --          ; --         ;
; OUTPUT_IO_TIMING_NEAR_END_VMEAS     ; Half Vccio                            ; --            ; --          ; --         ;
; PARTITION_COLOR                     ; 16764057                              ; --            ; PACMAN      ; Top        ;
; PARTITION_FITTER_PRESERVATION_LEVEL ; PLACEMENT_AND_ROUTING                 ; --            ; PACMAN      ; Top        ;
; PARTITION_NETLIST_TYPE              ; SOURCE                                ; --            ; PACMAN      ; Top        ;
; POWER_BOARD_THERMAL_MODEL           ; None (CONSERVATIVE)                   ; --            ; --          ; --         ;
; POWER_PRESET_COOLING_SOLUTION       ; 23 MM HEAT SINK WITH 200 LFPM AIRFLOW ; --            ; --          ; --         ;
; PROJECT_OUTPUT_DIRECTORY            ; output_files                          ; --            ; --          ; --         ;
; TOP_LEVEL_ENTITY                    ; PACMAN                                ; PACMAN_GAME   ; --          ; --         ;
; USE_SIGNALTAP_FILE                  ; output_files/stp1.stp                 ; --            ; --          ; --         ;
+-------------------------------------+---------------------------------------+---------------+-------------+------------+


+-------------------------------------------------------------------------------------------------------------------------------+
; Flow Elapsed Time                                                                                                             ;
+---------------------------+--------------+-------------------------+---------------------+------------------------------------+
; Module Name               ; Elapsed Time ; Average Processors Used ; Peak Virtual Memory ; Total CPU Time (on all processors) ;
+---------------------------+--------------+-------------------------+---------------------+------------------------------------+
; Analysis & Synthesis      ; 00:01:18     ; 1.0                     ; 4891 MB             ; 00:01:17                           ;
; Fitter                    ; 00:00:35     ; 2.2                     ; 5561 MB             ; 00:00:50                           ;
; Assembler                 ; 00:00:02     ; 1.0                     ; 4568 MB             ; 00:00:02                           ;
; TimeQuest Timing Analyzer ; 00:00:05     ; 1.8                     ; 4702 MB             ; 00:00:06                           ;
; Total                     ; 00:02:00     ; --                      ; --                  ; 00:02:15                           ;
+---------------------------+--------------+-------------------------+---------------------+------------------------------------+


+----------------------------------------------------------------------------------------+
; Flow OS Summary                                                                        ;
+---------------------------+------------------+-----------+------------+----------------+
; Module Name               ; Machine Hostname ; OS Name   ; OS Version ; Processor type ;
+---------------------------+------------------+-----------+------------+----------------+
; Analysis & Synthesis      ; LAPTOP-4385KT86  ; Windows 7 ; 6.2        ; x86_64         ;
; Fitter                    ; LAPTOP-4385KT86  ; Windows 7 ; 6.2        ; x86_64         ;
; Assembler                 ; LAPTOP-4385KT86  ; Windows 7 ; 6.2        ; x86_64         ;
; TimeQuest Timing Analyzer ; LAPTOP-4385KT86  ; Windows 7 ; 6.2        ; x86_64         ;
+---------------------------+------------------+-----------+------------+----------------+


------------
; Flow Log ;
------------
quartus_map --read_settings_files=on --write_settings_files=off PACMAN_GAME -c PACMAN_GAME
quartus_fit --read_settings_files=off --write_settings_files=off PACMAN_GAME -c PACMAN_GAME
quartus_asm --read_settings_files=off --write_settings_files=off PACMAN_GAME -c PACMAN_GAME
quartus_sta PACMAN_GAME -c PACMAN_GAME



